<?xml version="1.0" encoding="UTF-8"?>
<testsuite name="com.karaya.tetrahedron.controller.PointSetControllerTest" tests="3" skipped="0" failures="0" errors="0" timestamp="2024-06-02T00:48:26" hostname="DESKTOP-A7Q3UKS" time="5.5">
  <properties/>
  <testcase name="upload points and getSmallest Tetrahedron from different set()" classname="com.karaya.tetrahedron.controller.PointSetControllerTest" time="5.41"/>
  <testcase name="id not found()" classname="com.karaya.tetrahedron.controller.PointSetControllerTest" time="0.036"/>
  <testcase name="upload points and getSmallest Tetrahedron()" classname="com.karaya.tetrahedron.controller.PointSetControllerTest" time="0.047"/>
  <system-out><![CDATA[17:47:58.608 [Test worker] DEBUG org.springframework.test.context.BootstrapUtils - Instantiating CacheAwareContextLoaderDelegate from class [org.springframework.test.context.cache.DefaultCacheAwareContextLoaderDelegate]
17:47:58.705 [Test worker] DEBUG org.springframework.test.context.BootstrapUtils - Instantiating BootstrapContext using constructor [public org.springframework.test.context.support.DefaultBootstrapContext(java.lang.Class,org.springframework.test.context.CacheAwareContextLoaderDelegate)]
17:47:58.912 [Test worker] DEBUG org.springframework.test.context.BootstrapUtils - Instantiating TestContextBootstrapper for test class [com.karaya.tetrahedron.controller.PointSetControllerTest] from class [org.springframework.boot.test.context.SpringBootTestContextBootstrapper]
17:47:59.009 [Test worker] INFO org.springframework.boot.test.context.SpringBootTestContextBootstrapper - Neither @ContextConfiguration nor @ContextHierarchy found for test class [com.karaya.tetrahedron.controller.PointSetControllerTest], using SpringBootContextLoader
17:47:59.042 [Test worker] DEBUG org.springframework.test.context.support.AbstractContextLoader - Did not detect default resource location for test class [com.karaya.tetrahedron.controller.PointSetControllerTest]: class path resource [com/karaya/tetrahedron/controller/PointSetControllerTest-context.xml] does not exist
17:47:59.050 [Test worker] DEBUG org.springframework.test.context.support.AbstractContextLoader - Did not detect default resource location for test class [com.karaya.tetrahedron.controller.PointSetControllerTest]: class path resource [com/karaya/tetrahedron/controller/PointSetControllerTestContext.groovy] does not exist
17:47:59.050 [Test worker] INFO org.springframework.test.context.support.AbstractContextLoader - Could not detect default resource locations for test class [com.karaya.tetrahedron.controller.PointSetControllerTest]: no resource found for suffixes {-context.xml, Context.groovy}.
17:47:59.053 [Test worker] INFO org.springframework.test.context.support.AnnotationConfigContextLoaderUtils - Could not detect default configuration classes for test class [com.karaya.tetrahedron.controller.PointSetControllerTest]: PointSetControllerTest does not declare any static, non-private, non-final, nested classes annotated with @Configuration.
17:47:59.382 [Test worker] DEBUG org.springframework.test.context.support.ActiveProfilesUtils - Could not find an 'annotation declaring class' for annotation type [org.springframework.test.context.ActiveProfiles] and class [com.karaya.tetrahedron.controller.PointSetControllerTest]
17:47:59.914 [Test worker] DEBUG org.springframework.context.annotation.ClassPathScanningCandidateComponentProvider - Identified candidate component class: file [/mnt/c/Users/virtu/Development/breadcrumb/tetrahedron-calculator/backend/build/classes/kotlin/main/com/karaya/tetrahedron/TetrahedronCalculatorApplication.class]
17:47:59.931 [Test worker] INFO org.springframework.boot.test.context.SpringBootTestContextBootstrapper - Found @SpringBootConfiguration com.karaya.tetrahedron.TetrahedronCalculatorApplication for test class com.karaya.tetrahedron.controller.PointSetControllerTest
17:48:00.851 [Test worker] DEBUG org.springframework.boot.test.context.SpringBootTestContextBootstrapper - @TestExecutionListeners is not present for class [com.karaya.tetrahedron.controller.PointSetControllerTest]: using defaults.
17:48:00.855 [Test worker] INFO org.springframework.boot.test.context.SpringBootTestContextBootstrapper - Loaded default TestExecutionListener class names from location [META-INF/spring.factories]: [org.springframework.boot.test.autoconfigure.restdocs.RestDocsTestExecutionListener, org.springframework.boot.test.autoconfigure.web.client.MockRestServiceServerResetTestExecutionListener, org.springframework.boot.test.autoconfigure.web.servlet.MockMvcPrintOnlyOnFailureTestExecutionListener, org.springframework.boot.test.autoconfigure.web.servlet.WebDriverTestExecutionListener, org.springframework.boot.test.autoconfigure.webservices.client.MockWebServiceServerTestExecutionListener, org.springframework.boot.test.mock.mockito.MockitoTestExecutionListener, org.springframework.boot.test.mock.mockito.ResetMocksTestExecutionListener, org.springframework.test.context.web.ServletTestExecutionListener, org.springframework.test.context.support.DirtiesContextBeforeModesTestExecutionListener, org.springframework.test.context.event.ApplicationEventsTestExecutionListener, org.springframework.test.context.support.DependencyInjectionTestExecutionListener, org.springframework.test.context.support.DirtiesContextTestExecutionListener, org.springframework.test.context.transaction.TransactionalTestExecutionListener, org.springframework.test.context.jdbc.SqlScriptsTestExecutionListener, org.springframework.test.context.event.EventPublishingTestExecutionListener]
17:48:01.039 [Test worker] INFO org.springframework.boot.test.context.SpringBootTestContextBootstrapper - Using TestExecutionListeners: [org.springframework.test.context.web.ServletTestExecutionListener@2bef51f2, org.springframework.test.context.support.DirtiesContextBeforeModesTestExecutionListener@650eab8, org.springframework.test.context.event.ApplicationEventsTestExecutionListener@30f5a68a, org.springframework.boot.test.mock.mockito.MockitoTestExecutionListener@1e1d3956, org.springframework.boot.test.autoconfigure.SpringBootDependencyInjectionTestExecutionListener@4f2c9ba6, org.springframework.test.context.support.DirtiesContextTestExecutionListener@4e28bdd1, org.springframework.test.context.transaction.TransactionalTestExecutionListener@53f48368, org.springframework.test.context.jdbc.SqlScriptsTestExecutionListener@24d4d7c9, org.springframework.test.context.event.EventPublishingTestExecutionListener@f0e995e, org.springframework.boot.test.autoconfigure.restdocs.RestDocsTestExecutionListener@4c37b5b, org.springframework.boot.test.autoconfigure.web.client.MockRestServiceServerResetTestExecutionListener@73db4768, org.springframework.boot.test.autoconfigure.web.servlet.MockMvcPrintOnlyOnFailureTestExecutionListener@71b3bc45, org.springframework.boot.test.autoconfigure.web.servlet.WebDriverTestExecutionListener@a8c1f44, org.springframework.boot.test.autoconfigure.webservices.client.MockWebServiceServerTestExecutionListener@150ab4ed, org.springframework.boot.test.mock.mockito.ResetMocksTestExecutionListener@3c435123]
17:48:01.073 [Test worker] DEBUG org.springframework.test.context.support.AbstractDirtiesContextTestExecutionListener - Before test class: context [DefaultTestContext@15eebbff testClass = PointSetControllerTest, testInstance = [null], testMethod = [null], testException = [null], mergedContextConfiguration = [WebMergedContextConfiguration@22d6f11 testClass = PointSetControllerTest, locations = '{}', classes = '{class com.karaya.tetrahedron.TetrahedronCalculatorApplication}', contextInitializerClasses = '[]', activeProfiles = '{}', propertySourceLocations = '{}', propertySourceProperties = '{org.springframework.boot.test.context.SpringBootTestContextBootstrapper=true, server.port=0}', contextCustomizers = set[org.springframework.boot.test.autoconfigure.actuate.metrics.MetricsExportContextCustomizerFactory$DisableMetricExportContextCustomizer@1f53a5dc, org.springframework.boot.test.autoconfigure.properties.PropertyMappingContextCustomizer@0, org.springframework.boot.test.autoconfigure.web.servlet.WebDriverContextCustomizerFactory$Customizer@56673b2c, org.springframework.boot.test.context.filter.ExcludeFilterContextCustomizer@62010f5c, org.springframework.boot.test.json.DuplicateJsonObjectContextCustomizerFactory$DuplicateJsonObjectContextCustomizer@5c44c582, org.springframework.boot.test.mock.mockito.MockitoContextCustomizer@0, org.springframework.boot.test.web.client.TestRestTemplateContextCustomizer@74589991, org.springframework.boot.test.context.SpringBootTestArgs@1, org.springframework.boot.test.context.SpringBootTestWebEnvironment@38e79ae3], resourceBasePath = 'src/main/webapp', contextLoader = 'org.springframework.boot.test.context.SpringBootContextLoader', parent = [null]], attributes = map['org.springframework.test.context.web.ServletTestExecutionListener.activateListener' -> false]], class annotated with @DirtiesContext [false] with mode [null].

  .   ____          _            __ _ _
 /\\ / ___'_ __ _ _(_)_ __  __ _ \ \ \ \
( ( )\___ | '_ | '_| | '_ \/ _` | \ \ \ \
 \\/  ___)| |_)| | | | | || (_| |  ) ) ) )
  '  |____| .__|_| |_|_| |_\__, | / / / /
 =========|_|==============|___/=/_/_/_/
 :: Spring Boot ::                (v2.7.0)

2024-06-01 17:48:03.394  INFO 66012 --- [    Test worker] c.k.t.controller.PointSetControllerTest  : Starting PointSetControllerTest using Java 21.0.3 on DESKTOP-A7Q3UKS with PID 66012 (started by chespirana in /mnt/c/Users/virtu/Development/breadcrumb/tetrahedron-calculator/backend)
2024-06-01 17:48:03.397  INFO 66012 --- [    Test worker] c.k.t.controller.PointSetControllerTest  : No active profile set, falling back to 1 default profile: "default"
2024-06-01 17:48:08.860  INFO 66012 --- [    Test worker] .s.d.r.c.RepositoryConfigurationDelegate : Bootstrapping Spring Data MongoDB repositories in DEFAULT mode.
2024-06-01 17:48:09.377  INFO 66012 --- [    Test worker] .s.d.r.c.RepositoryConfigurationDelegate : Finished Spring Data repository scanning in 489 ms. Found 1 MongoDB repository interfaces.
2024-06-01 17:48:13.533  INFO 66012 --- [    Test worker] o.s.b.w.embedded.tomcat.TomcatWebServer  : Tomcat initialized with port(s): 0 (http)
2024-06-01 17:48:13.599  INFO 66012 --- [    Test worker] o.apache.catalina.core.StandardService   : Starting service [Tomcat]
2024-06-01 17:48:13.600  INFO 66012 --- [    Test worker] org.apache.catalina.core.StandardEngine  : Starting Servlet engine: [Apache Tomcat/9.0.63]
2024-06-01 17:48:14.055  INFO 66012 --- [    Test worker] o.a.c.c.C.[Tomcat].[localhost].[/]       : Initializing Spring embedded WebApplicationContext
2024-06-01 17:48:14.056  INFO 66012 --- [    Test worker] w.s.c.ServletWebServerApplicationContext : Root WebApplicationContext: initialization completed in 10534 ms
2024-06-01 17:48:16.545  INFO 66012 --- [    Test worker] org.mongodb.driver.client                : MongoClient with metadata {"driver": {"name": "mongo-java-driver|sync|spring-boot", "version": "4.6.0"}, "os": {"type": "Linux", "name": "Linux", "architecture": "amd64", "version": "5.15.146.1-microsoft-standard-WSL2"}, "platform": "Java/Homebrew/21.0.3"} created with settings MongoClientSettings{readPreference=primary, writeConcern=WriteConcern{w=null, wTimeout=null ms, journal=null}, retryWrites=true, retryReads=true, readConcern=ReadConcern{level=null}, credential=MongoCredential{mechanism=null, userName='root', source='admin', password=<hidden>, mechanismProperties=<hidden>}, streamFactoryFactory=null, commandListeners=[], codecRegistry=ProvidersCodecRegistry{codecProviders=[ValueCodecProvider{}, BsonValueCodecProvider{}, DBRefCodecProvider{}, DBObjectCodecProvider{}, DocumentCodecProvider{}, IterableCodecProvider{}, MapCodecProvider{}, GeoJsonCodecProvider{}, GridFSFileCodecProvider{}, Jsr310CodecProvider{}, JsonObjectCodecProvider{}, BsonCodecProvider{}, EnumCodecProvider{}, com.mongodb.Jep395RecordCodecProvider@5b742bc8]}, clusterSettings={hosts=[localhost:27017], srvServiceName=mongodb, mode=SINGLE, requiredClusterType=UNKNOWN, requiredReplicaSetName='null', serverSelector='null', clusterListeners='[]', serverSelectionTimeout='30000 ms', localThreshold='30000 ms'}, socketSettings=SocketSettings{connectTimeoutMS=10000, readTimeoutMS=0, receiveBufferSize=0, sendBufferSize=0}, heartbeatSocketSettings=SocketSettings{connectTimeoutMS=10000, readTimeoutMS=10000, receiveBufferSize=0, sendBufferSize=0}, connectionPoolSettings=ConnectionPoolSettings{maxSize=100, minSize=0, maxWaitTimeMS=120000, maxConnectionLifeTimeMS=0, maxConnectionIdleTimeMS=0, maintenanceInitialDelayMS=0, maintenanceFrequencyMS=60000, connectionPoolListeners=[], maxConnecting=2}, serverSettings=ServerSettings{heartbeatFrequencyMS=10000, minHeartbeatFrequencyMS=500, serverListeners='[]', serverMonitorListeners='[]'}, sslSettings=SslSettings{enabled=false, invalidHostNameAllowed=false, context=null}, applicationName='null', compressorList=[], uuidRepresentation=JAVA_LEGACY, serverApi=null, autoEncryptionSettings=null, contextProvider=null}
2024-06-01 17:48:16.585  INFO 66012 --- [localhost:27017] org.mongodb.driver.connection            : Opened connection [connectionId{localValue:2, serverValue:32}] to localhost:27017
2024-06-01 17:48:16.585  INFO 66012 --- [localhost:27017] org.mongodb.driver.connection            : Opened connection [connectionId{localValue:1, serverValue:33}] to localhost:27017
2024-06-01 17:48:16.585  INFO 66012 --- [localhost:27017] org.mongodb.driver.cluster               : Monitor thread successfully connected to server with description ServerDescription{address=localhost:27017, type=STANDALONE, state=CONNECTED, ok=true, minWireVersion=0, maxWireVersion=13, maxDocumentSize=16777216, logicalSessionTimeoutMinutes=30, roundTripTimeNanos=182255234}
2024-06-01 17:48:26.200  INFO 66012 --- [    Test worker] o.s.b.w.embedded.tomcat.TomcatWebServer  : Tomcat started on port(s): 42197 (http) with context path ''
2024-06-01 17:48:26.219  INFO 66012 --- [    Test worker] c.k.t.controller.PointSetControllerTest  : Started PointSetControllerTest in 24.85 seconds (JVM running for 29.87)
2024-06-01 17:48:28.961  INFO 66012 --- [    Test worker] org.mongodb.driver.connection            : Opened connection [connectionId{localValue:3, serverValue:34}] to localhost:27017
2024-06-01 17:48:30.187  INFO 66012 --- [o-auto-1-exec-1] o.a.c.c.C.[Tomcat].[localhost].[/]       : Initializing Spring DispatcherServlet 'dispatcherServlet'
2024-06-01 17:48:30.188  INFO 66012 --- [o-auto-1-exec-1] o.s.web.servlet.DispatcherServlet        : Initializing Servlet 'dispatcherServlet'
2024-06-01 17:48:30.188  INFO 66012 --- [o-auto-1-exec-1] o.s.web.servlet.DispatcherServlet        : Completed initialization in 0 ms
]]></system-out>
  <system-err><![CDATA[]]></system-err>
</testsuite>
