<?xml version="1.0" encoding="UTF-8"?>
<testsuite name="com.karaya.tetrahedron.controller.PointSetControllerTest" tests="1" skipped="0" failures="0" errors="0" timestamp="2024-06-01T01:25:21" hostname="DESKTOP-A7Q3UKS" time="0.859">
  <properties/>
  <testcase name="upload points()" classname="com.karaya.tetrahedron.controller.PointSetControllerTest" time="0.859"/>
  <system-out><![CDATA[18:25:17.342 [Test worker] DEBUG org.springframework.test.context.BootstrapUtils - Instantiating CacheAwareContextLoaderDelegate from class [org.springframework.test.context.cache.DefaultCacheAwareContextLoaderDelegate]
18:25:17.367 [Test worker] DEBUG org.springframework.test.context.BootstrapUtils - Instantiating BootstrapContext using constructor [public org.springframework.test.context.support.DefaultBootstrapContext(java.lang.Class,org.springframework.test.context.CacheAwareContextLoaderDelegate)]
18:25:17.423 [Test worker] DEBUG org.springframework.test.context.BootstrapUtils - Instantiating TestContextBootstrapper for test class [com.karaya.tetrahedron.controller.PointSetControllerTest] from class [org.springframework.boot.test.context.SpringBootTestContextBootstrapper]
18:25:17.503 [Test worker] INFO org.springframework.boot.test.context.SpringBootTestContextBootstrapper - Neither @ContextConfiguration nor @ContextHierarchy found for test class [com.karaya.tetrahedron.controller.PointSetControllerTest], using SpringBootContextLoader
18:25:17.509 [Test worker] DEBUG org.springframework.test.context.support.AbstractContextLoader - Did not detect default resource location for test class [com.karaya.tetrahedron.controller.PointSetControllerTest]: class path resource [com/karaya/tetrahedron/controller/PointSetControllerTest-context.xml] does not exist
18:25:17.510 [Test worker] DEBUG org.springframework.test.context.support.AbstractContextLoader - Did not detect default resource location for test class [com.karaya.tetrahedron.controller.PointSetControllerTest]: class path resource [com/karaya/tetrahedron/controller/PointSetControllerTestContext.groovy] does not exist
18:25:17.510 [Test worker] INFO org.springframework.test.context.support.AbstractContextLoader - Could not detect default resource locations for test class [com.karaya.tetrahedron.controller.PointSetControllerTest]: no resource found for suffixes {-context.xml, Context.groovy}.
18:25:17.511 [Test worker] INFO org.springframework.test.context.support.AnnotationConfigContextLoaderUtils - Could not detect default configuration classes for test class [com.karaya.tetrahedron.controller.PointSetControllerTest]: PointSetControllerTest does not declare any static, non-private, non-final, nested classes annotated with @Configuration.
18:25:17.588 [Test worker] DEBUG org.springframework.test.context.support.ActiveProfilesUtils - Could not find an 'annotation declaring class' for annotation type [org.springframework.test.context.ActiveProfiles] and class [com.karaya.tetrahedron.controller.PointSetControllerTest]
18:25:17.687 [Test worker] DEBUG org.springframework.context.annotation.ClassPathScanningCandidateComponentProvider - Identified candidate component class: file [C:\Users\virtu\Development\breadcrumb\tetrahedron-calculator\backend\build\classes\kotlin\main\com\karaya\tetrahedron\TetrahedronCalculatorApplication.class]
18:25:17.690 [Test worker] INFO org.springframework.boot.test.context.SpringBootTestContextBootstrapper - Found @SpringBootConfiguration com.karaya.tetrahedron.TetrahedronCalculatorApplication for test class com.karaya.tetrahedron.controller.PointSetControllerTest
18:25:17.839 [Test worker] DEBUG org.springframework.boot.test.context.SpringBootTestContextBootstrapper - @TestExecutionListeners is not present for class [com.karaya.tetrahedron.controller.PointSetControllerTest]: using defaults.
18:25:17.839 [Test worker] INFO org.springframework.boot.test.context.SpringBootTestContextBootstrapper - Loaded default TestExecutionListener class names from location [META-INF/spring.factories]: [org.springframework.boot.test.autoconfigure.restdocs.RestDocsTestExecutionListener, org.springframework.boot.test.autoconfigure.web.client.MockRestServiceServerResetTestExecutionListener, org.springframework.boot.test.autoconfigure.web.servlet.MockMvcPrintOnlyOnFailureTestExecutionListener, org.springframework.boot.test.autoconfigure.web.servlet.WebDriverTestExecutionListener, org.springframework.boot.test.autoconfigure.webservices.client.MockWebServiceServerTestExecutionListener, org.springframework.boot.test.mock.mockito.MockitoTestExecutionListener, org.springframework.boot.test.mock.mockito.ResetMocksTestExecutionListener, org.springframework.test.context.web.ServletTestExecutionListener, org.springframework.test.context.support.DirtiesContextBeforeModesTestExecutionListener, org.springframework.test.context.event.ApplicationEventsTestExecutionListener, org.springframework.test.context.support.DependencyInjectionTestExecutionListener, org.springframework.test.context.support.DirtiesContextTestExecutionListener, org.springframework.test.context.transaction.TransactionalTestExecutionListener, org.springframework.test.context.jdbc.SqlScriptsTestExecutionListener, org.springframework.test.context.event.EventPublishingTestExecutionListener]
18:25:17.865 [Test worker] INFO org.springframework.boot.test.context.SpringBootTestContextBootstrapper - Using TestExecutionListeners: [org.springframework.test.context.web.ServletTestExecutionListener@37f21974, org.springframework.test.context.support.DirtiesContextBeforeModesTestExecutionListener@5f4d427e, org.springframework.test.context.event.ApplicationEventsTestExecutionListener@6e521c1e, org.springframework.boot.test.mock.mockito.MockitoTestExecutionListener@224b4d61, org.springframework.boot.test.autoconfigure.SpringBootDependencyInjectionTestExecutionListener@5d5d9e5, org.springframework.test.context.support.DirtiesContextTestExecutionListener@303e3593, org.springframework.test.context.transaction.TransactionalTestExecutionListener@4ef27d66, org.springframework.test.context.jdbc.SqlScriptsTestExecutionListener@362a019c, org.springframework.test.context.event.EventPublishingTestExecutionListener@1d9bec4d, org.springframework.boot.test.autoconfigure.restdocs.RestDocsTestExecutionListener@5c48c0c0, org.springframework.boot.test.autoconfigure.web.client.MockRestServiceServerResetTestExecutionListener@10c8f62, org.springframework.boot.test.autoconfigure.web.servlet.MockMvcPrintOnlyOnFailureTestExecutionListener@674c583e, org.springframework.boot.test.autoconfigure.web.servlet.WebDriverTestExecutionListener@25f7391e, org.springframework.boot.test.autoconfigure.webservices.client.MockWebServiceServerTestExecutionListener@3f23a3a0, org.springframework.boot.test.mock.mockito.ResetMocksTestExecutionListener@5ab14cb9]
18:25:17.870 [Test worker] DEBUG org.springframework.test.context.support.AbstractDirtiesContextTestExecutionListener - Before test class: context [DefaultTestContext@2f162cc0 testClass = PointSetControllerTest, testInstance = [null], testMethod = [null], testException = [null], mergedContextConfiguration = [WebMergedContextConfiguration@5df417a7 testClass = PointSetControllerTest, locations = '{}', classes = '{class com.karaya.tetrahedron.TetrahedronCalculatorApplication}', contextInitializerClasses = '[]', activeProfiles = '{}', propertySourceLocations = '{}', propertySourceProperties = '{org.springframework.boot.test.context.SpringBootTestContextBootstrapper=true, server.port=0}', contextCustomizers = set[org.springframework.boot.test.autoconfigure.actuate.metrics.MetricsExportContextCustomizerFactory$DisableMetricExportContextCustomizer@6aa3a905, org.springframework.boot.test.autoconfigure.properties.PropertyMappingContextCustomizer@0, org.springframework.boot.test.autoconfigure.web.servlet.WebDriverContextCustomizerFactory$Customizer@5f0e9815, org.springframework.boot.test.context.filter.ExcludeFilterContextCustomizer@35229f85, org.springframework.boot.test.json.DuplicateJsonObjectContextCustomizerFactory$DuplicateJsonObjectContextCustomizer@4758820d, org.springframework.boot.test.mock.mockito.MockitoContextCustomizer@0, org.springframework.boot.test.web.client.TestRestTemplateContextCustomizer@635572a7, org.springframework.boot.test.context.SpringBootTestArgs@1, org.springframework.boot.test.context.SpringBootTestWebEnvironment@2ed2d9cb], resourceBasePath = 'src/main/webapp', contextLoader = 'org.springframework.boot.test.context.SpringBootContextLoader', parent = [null]], attributes = map['org.springframework.test.context.web.ServletTestExecutionListener.activateListener' -> false]], class annotated with @DirtiesContext [false] with mode [null].

  .   ____          _            __ _ _
 /\\ / ___'_ __ _ _(_)_ __  __ _ \ \ \ \
( ( )\___ | '_ | '_| | '_ \/ _` | \ \ \ \
 \\/  ___)| |_)| | | | | || (_| |  ) ) ) )
  '  |____| .__|_| |_|_| |_\__, | / / / /
 =========|_|==============|___/=/_/_/_/
 :: Spring Boot ::                (v2.7.0)

2024-05-31 18:25:18.285  INFO 31788 --- [    Test worker] c.k.t.controller.PointSetControllerTest  : Starting PointSetControllerTest using Java 17.0.11 on DESKTOP-A7Q3UKS with PID 31788 (started by virtu in C:\Users\virtu\Development\breadcrumb\tetrahedron-calculator\backend)
2024-05-31 18:25:18.286  INFO 31788 --- [    Test worker] c.k.t.controller.PointSetControllerTest  : No active profile set, falling back to 1 default profile: "default"
2024-05-31 18:25:19.498  INFO 31788 --- [    Test worker] .s.d.r.c.RepositoryConfigurationDelegate : Bootstrapping Spring Data MongoDB repositories in DEFAULT mode.
2024-05-31 18:25:19.573  INFO 31788 --- [    Test worker] .s.d.r.c.RepositoryConfigurationDelegate : Finished Spring Data repository scanning in 67 ms. Found 1 MongoDB repository interfaces.
2024-05-31 18:25:20.313  INFO 31788 --- [    Test worker] o.s.b.w.embedded.tomcat.TomcatWebServer  : Tomcat initialized with port(s): 0 (http)
2024-05-31 18:25:20.328  INFO 31788 --- [    Test worker] o.apache.catalina.core.StandardService   : Starting service [Tomcat]
2024-05-31 18:25:20.328  INFO 31788 --- [    Test worker] org.apache.catalina.core.StandardEngine  : Starting Servlet engine: [Apache Tomcat/9.0.63]
2024-05-31 18:25:20.450  INFO 31788 --- [    Test worker] o.a.c.c.C.[Tomcat].[localhost].[/]       : Initializing Spring embedded WebApplicationContext
2024-05-31 18:25:20.450  INFO 31788 --- [    Test worker] w.s.c.ServletWebServerApplicationContext : Root WebApplicationContext: initialization completed in 2125 ms
2024-05-31 18:25:20.777  INFO 31788 --- [    Test worker] org.mongodb.driver.client                : MongoClient with metadata {"driver": {"name": "mongo-java-driver|sync|spring-boot", "version": "4.6.0"}, "os": {"type": "Windows", "name": "Windows 10", "architecture": "amd64", "version": "10.0"}, "platform": "Java/Amazon.com Inc./17.0.11+9-LTS"} created with settings MongoClientSettings{readPreference=primary, writeConcern=WriteConcern{w=null, wTimeout=null ms, journal=null}, retryWrites=true, retryReads=true, readConcern=ReadConcern{level=null}, credential=null, streamFactoryFactory=null, commandListeners=[], codecRegistry=ProvidersCodecRegistry{codecProviders=[ValueCodecProvider{}, BsonValueCodecProvider{}, DBRefCodecProvider{}, DBObjectCodecProvider{}, DocumentCodecProvider{}, IterableCodecProvider{}, MapCodecProvider{}, GeoJsonCodecProvider{}, GridFSFileCodecProvider{}, Jsr310CodecProvider{}, JsonObjectCodecProvider{}, BsonCodecProvider{}, EnumCodecProvider{}, com.mongodb.Jep395RecordCodecProvider@51ff3c4b]}, clusterSettings={hosts=[localhost:27017], srvServiceName=mongodb, mode=SINGLE, requiredClusterType=UNKNOWN, requiredReplicaSetName='null', serverSelector='null', clusterListeners='[]', serverSelectionTimeout='30000 ms', localThreshold='30000 ms'}, socketSettings=SocketSettings{connectTimeoutMS=10000, readTimeoutMS=0, receiveBufferSize=0, sendBufferSize=0}, heartbeatSocketSettings=SocketSettings{connectTimeoutMS=10000, readTimeoutMS=10000, receiveBufferSize=0, sendBufferSize=0}, connectionPoolSettings=ConnectionPoolSettings{maxSize=100, minSize=0, maxWaitTimeMS=120000, maxConnectionLifeTimeMS=0, maxConnectionIdleTimeMS=0, maintenanceInitialDelayMS=0, maintenanceFrequencyMS=60000, connectionPoolListeners=[], maxConnecting=2}, serverSettings=ServerSettings{heartbeatFrequencyMS=10000, minHeartbeatFrequencyMS=500, serverListeners='[]', serverMonitorListeners='[]'}, sslSettings=SslSettings{enabled=false, invalidHostNameAllowed=false, context=null}, applicationName='null', compressorList=[], uuidRepresentation=JAVA_LEGACY, serverApi=null, autoEncryptionSettings=null, contextProvider=null}
2024-05-31 18:25:20.793  INFO 31788 --- [localhost:27017] org.mongodb.driver.connection            : Opened connection [connectionId{localValue:2, serverValue:23}] to localhost:27017
2024-05-31 18:25:20.793  INFO 31788 --- [localhost:27017] org.mongodb.driver.connection            : Opened connection [connectionId{localValue:1, serverValue:24}] to localhost:27017
2024-05-31 18:25:20.793  INFO 31788 --- [localhost:27017] org.mongodb.driver.cluster               : Monitor thread successfully connected to server with description ServerDescription{address=localhost:27017, type=STANDALONE, state=CONNECTED, ok=true, minWireVersion=0, maxWireVersion=9, maxDocumentSize=16777216, logicalSessionTimeoutMinutes=30, roundTripTimeNanos=26578500}
2024-05-31 18:25:21.878  INFO 31788 --- [    Test worker] o.s.b.w.embedded.tomcat.TomcatWebServer  : Tomcat started on port(s): 49312 (http) with context path ''
2024-05-31 18:25:21.886  INFO 31788 --- [    Test worker] c.k.t.controller.PointSetControllerTest  : Started PointSetControllerTest in 3.969 seconds (JVM running for 5.661)
2024-05-31 18:25:22.456  INFO 31788 --- [    Test worker] org.mongodb.driver.connection            : Opened connection [connectionId{localValue:3, serverValue:25}] to localhost:27017
2024-05-31 18:25:22.611  INFO 31788 --- [o-auto-1-exec-1] o.a.c.c.C.[Tomcat].[localhost].[/]       : Initializing Spring DispatcherServlet 'dispatcherServlet'
2024-05-31 18:25:22.611  INFO 31788 --- [o-auto-1-exec-1] o.s.web.servlet.DispatcherServlet        : Initializing Servlet 'dispatcherServlet'
2024-05-31 18:25:22.612  INFO 31788 --- [o-auto-1-exec-1] o.s.web.servlet.DispatcherServlet        : Completed initialization in 1 ms
]]></system-out>
  <system-err><![CDATA[]]></system-err>
</testsuite>
